<?xml version="1.0" encoding="UTF-8"?><testsuite errors="0" failures="0" name="Laborator5.features.search.SearchByKeywordStory" skipped="0" tests="2" time="10.7" timestamp="2018-05-20T19:34:28.112+03:00[Europe/Athens]"><testcase classname="Laborator5.features.search.SearchByKeywordStory" name="Searching by keyword banana should display the corresponding article"/><testcase classname="Laborator5.features.search.SearchByKeywordStory" name="Searching by keyword apple should display the corresponding article"/></testsuite>